2020-10-10 17:06:11,527 - __main__ - INFO - Trading System started
2020-10-10 17:06:15,237 - __main__ - INFO - Configuring backtest mode
2020-10-10 17:06:29,437 - __main__ - INFO - Configuring backtest mode
2020-10-10 17:06:42,605 - __main__ - INFO - Running backtest mode
2020-10-10 17:06:43,588 - __main__ - INFO - SuperTrend Calculated
2020-10-10 17:06:43,589 - __main__ - DEBUG - Evaluating data for Close: 41.5099983215332 - SuperTrend: 40.9972447375862
2020-10-10 17:06:43,589 - __main__ - WARNING - Buy Setup activated Close: 41.5099983215332 - SuperTrend: 40.9972447375862
2020-10-10 17:06:43,635 - __main__ - DEBUG - Evaluating data for Close: 38.650001525878906 - SuperTrend: 40.69145969390869
2020-10-10 17:06:43,638 - __main__ - WARNING - Sell Setup activated Close: 38.650001525878906 - SuperTrend: 40.69145969390869
2020-10-10 17:06:43,639 - __main__ - WARNING - Selling positions
2020-10-10 17:06:43,687 - __main__ - DEBUG - Evaluating data for Close: 36.400001525878906 - SuperTrend: 39.56312984390259
2020-10-10 17:06:43,688 - __main__ - DEBUG - Evaluating data for Close: 35.189998626708984 - SuperTrend: 39.53846755067444
2020-10-10 17:06:43,688 - __main__ - DEBUG - Evaluating data for Close: 34.099998474121094 - SuperTrend: 37.09369852772492
2020-10-10 17:06:43,689 - __main__ - DEBUG - Evaluating data for Close: 37.63999938964844 - SuperTrend: 37.09369852772492
2020-10-10 17:06:43,689 - __main__ - WARNING - Buy Setup activated Close: 37.63999938964844 - SuperTrend: 37.09369852772492
2020-10-10 17:06:43,742 - __main__ - DEBUG - Evaluating data for Close: 40.849998474121094 - SuperTrend: 42.26392164070352
2020-10-10 17:06:43,743 - __main__ - WARNING - Sell Setup activated Close: 40.849998474121094 - SuperTrend: 42.26392164070352
2020-10-10 17:06:43,743 - __main__ - WARNING - Selling positions
2020-10-10 17:06:43,802 - __main__ - DEBUG - Evaluating data for Close: 42.0 - SuperTrend: 42.26392164070352
2020-10-10 17:06:43,804 - __main__ - DEBUG - Evaluating data for Close: 40.099998474121094 - SuperTrend: 42.26392164070352
2020-10-10 17:06:43,806 - __main__ - DEBUG - Evaluating data for Close: 41.77000045776367 - SuperTrend: 42.26392164070352
2020-10-10 17:06:43,807 - __main__ - DEBUG - Evaluating data for Close: 43.220001220703125 - SuperTrend: 42.26392164070352
2020-10-10 17:06:43,809 - __main__ - WARNING - Buy Setup activated Close: 43.220001220703125 - SuperTrend: 42.26392164070352
2020-10-10 17:06:43,881 - __main__ - DEBUG - Evaluating data for Close: 43.369998931884766 - SuperTrend: 45.21120723810313
2020-10-10 17:06:43,887 - __main__ - WARNING - Sell Setup activated Close: 43.369998931884766 - SuperTrend: 45.21120723810313
2020-10-10 17:06:43,888 - __main__ - WARNING - Selling positions
2020-10-10 17:06:43,925 - __main__ - DEBUG - Evaluating data for Close: 42.779998779296875 - SuperTrend: 45.21120723810313
2020-10-10 17:06:43,925 - __main__ - DEBUG - Evaluating data for Close: 40.5 - SuperTrend: 43.87931824684289
2020-10-10 17:06:43,926 - __main__ - DEBUG - Evaluating data for Close: 43.130001068115234 - SuperTrend: 43.87931824684289
2020-10-10 17:06:43,926 - __main__ - DEBUG - Evaluating data for Close: 43.779998779296875 - SuperTrend: 43.87931824684289
2020-10-10 17:06:43,927 - __main__ - DEBUG - Evaluating data for Close: 43.5099983215332 - SuperTrend: 43.87931824684289
2020-10-10 17:06:43,929 - __main__ - DEBUG - Evaluating data for Close: 43.279998779296875 - SuperTrend: 43.87931824684289
2020-10-10 17:06:43,931 - __main__ - DEBUG - Evaluating data for Close: 44.56999969482422 - SuperTrend: 43.87931824684289
2020-10-10 17:06:43,934 - __main__ - WARNING - Buy Setup activated Close: 44.56999969482422 - SuperTrend: 43.87931824684289
2020-10-10 17:06:44,016 - __main__ - DEBUG - Evaluating data for Close: 44.529998779296875 - SuperTrend: 47.73261152556516
2020-10-10 17:06:44,017 - __main__ - WARNING - Sell Setup activated Close: 44.529998779296875 - SuperTrend: 47.73261152556516
2020-10-10 17:06:44,017 - __main__ - WARNING - Selling positions
2020-10-10 17:06:44,074 - __main__ - DEBUG - Evaluating data for Close: 43.189998626708984 - SuperTrend: 45.726360326548
2020-10-10 17:06:44,075 - __main__ - DEBUG - Evaluating data for Close: 42.7599983215332 - SuperTrend: 45.47593338551997
2020-10-10 17:06:44,075 - __main__ - DEBUG - Evaluating data for Close: 44.0 - SuperTrend: 45.47593338551997
2020-10-10 17:06:44,076 - __main__ - DEBUG - Evaluating data for Close: 42.459999084472656 - SuperTrend: 45.17269014278321
2020-10-10 17:06:44,077 - __main__ - DEBUG - Evaluating data for Close: 42.900001525878906 - SuperTrend: 45.04793789327228
2020-10-10 17:06:44,080 - __main__ - DEBUG - Evaluating data for Close: 43.5099983215332 - SuperTrend: 45.04793789327228
2020-10-10 17:06:44,082 - __main__ - DEBUG - Evaluating data for Close: 43.7599983215332 - SuperTrend: 45.04793789327228
2020-10-10 17:06:44,085 - __main__ - DEBUG - Evaluating data for Close: 44.54999923706055 - SuperTrend: 45.04793789327228
2020-10-10 17:06:44,087 - __main__ - DEBUG - Evaluating data for Close: 44.61000061035156 - SuperTrend: 45.04793789327228
2020-10-10 17:06:44,088 - __main__ - DEBUG - Evaluating data for Close: 46.72999954223633 - SuperTrend: 45.04793789327228
2020-10-10 17:06:44,090 - __main__ - WARNING - Buy Setup activated Close: 46.72999954223633 - SuperTrend: 45.04793789327228
2020-10-10 17:06:44,143 - __main__ - DEBUG - Evaluating data for Close: 44.86000061035156 - SuperTrend: 47.824070978161494
2020-10-10 17:06:44,144 - __main__ - WARNING - Sell Setup activated Close: 44.86000061035156 - SuperTrend: 47.824070978161494
2020-10-10 17:06:44,144 - __main__ - WARNING - Selling positions
2020-10-10 17:06:44,228 - __main__ - DEBUG - Evaluating data for Close: 43.93000030517578 - SuperTrend: 46.20609293842004
2020-10-10 17:06:44,229 - __main__ - DEBUG - Evaluating data for Close: 43.70000076293945 - SuperTrend: 46.20609293842004
2020-10-10 17:06:44,229 - __main__ - DEBUG - Evaluating data for Close: 44.33000183105469 - SuperTrend: 46.20609293842004
2020-10-10 17:06:44,230 - __main__ - DEBUG - Evaluating data for Close: 46.04999923706055 - SuperTrend: 46.20609293842004
2020-10-10 17:06:44,230 - __main__ - DEBUG - Evaluating data for Close: 48.849998474121094 - SuperTrend: 46.20609293842004
2020-10-10 17:06:44,231 - __main__ - WARNING - Buy Setup activated Close: 48.849998474121094 - SuperTrend: 46.20609293842004
2020-10-10 17:06:44,292 - __main__ - DEBUG - Evaluating data for Close: 47.72999954223633 - SuperTrend: 50.79068033977622
2020-10-10 17:06:44,293 - __main__ - WARNING - Sell Setup activated Close: 47.72999954223633 - SuperTrend: 50.79068033977622
2020-10-10 17:06:44,293 - __main__ - WARNING - Selling positions
2020-10-10 17:06:44,366 - __main__ - DEBUG - Evaluating data for Close: 47.459999084472656 - SuperTrend: 50.30746572437474
2020-10-10 17:06:44,368 - __main__ - DEBUG - Evaluating data for Close: 48.540000915527344 - SuperTrend: 50.30746572437474
2020-10-10 17:06:44,369 - __main__ - DEBUG - Evaluating data for Close: 48.09000015258789 - SuperTrend: 49.95299017934575
2020-10-10 17:06:44,370 - __main__ - DEBUG - Evaluating data for Close: 48.04999923706055 - SuperTrend: 49.95299017934575
2020-10-10 17:06:44,372 - __main__ - DEBUG - Evaluating data for Close: 51.2599983215332 - SuperTrend: 49.95299017934575
2020-10-10 17:06:44,374 - __main__ - WARNING - Buy Setup activated Close: 51.2599983215332 - SuperTrend: 49.95299017934575
2020-10-10 17:06:44,441 - __main__ - DEBUG - Evaluating data for Close: 52.29999923706055 - SuperTrend: 54.14648699220191
2020-10-10 17:06:44,442 - __main__ - WARNING - Sell Setup activated Close: 52.29999923706055 - SuperTrend: 54.14648699220191
2020-10-10 17:06:44,442 - __main__ - WARNING - Selling positions
2020-10-10 17:06:44,490 - __main__ - DEBUG - Evaluating data for Close: 52.5 - SuperTrend: 54.14648699220191
2020-10-10 17:06:44,492 - __main__ - DEBUG - Evaluating data for Close: 51.130001068115234 - SuperTrend: 53.74517786069816
2020-10-10 17:06:44,493 - __main__ - DEBUG - Evaluating data for Close: 50.27000045776367 - SuperTrend: 52.710174892473454
2020-10-10 17:06:44,495 - __main__ - DEBUG - Evaluating data for Close: 50.099998474121094 - SuperTrend: 52.710174892473454
2020-10-10 17:06:44,498 - __main__ - DEBUG - Evaluating data for Close: 49.20000076293945 - SuperTrend: 51.87074831988092
2020-10-10 17:06:44,502 - __main__ - DEBUG - Evaluating data for Close: 50.63999938964844 - SuperTrend: 51.87074831988092
2020-10-10 17:06:44,505 - __main__ - DEBUG - Evaluating data for Close: 50.09000015258789 - SuperTrend: 51.87074831988092
2020-10-10 17:06:44,506 - __main__ - DEBUG - Evaluating data for Close: 53.0 - SuperTrend: 49.8391496807619
2020-10-10 17:06:44,507 - __main__ - WARNING - Buy Setup activated Close: 53.0 - SuperTrend: 49.8391496807619
2020-10-10 17:06:44,568 - __main__ - DEBUG - Evaluating data for Close: 53.41999816894531 - SuperTrend: 51.00096528181219
2020-10-10 17:06:44,568 - __main__ - DEBUG - Evaluating stop gain EntryPrice: 53.0 - ClosePrice: 53.41999816894531
2020-10-10 17:06:44,568 - __main__ - DEBUG - Evaluating stop loss EntryPrice: 53.0 - ClosePrice: 53.41999816894531
2020-10-10 17:06:44,568 - __main__ - DEBUG - Evaluating data for Close: 53.41999816894531 - SuperTrend: 51.25344635764567
2020-10-10 17:06:44,569 - __main__ - DEBUG - Evaluating stop gain EntryPrice: 53.0 - ClosePrice: 53.41999816894531
2020-10-10 17:06:44,569 - __main__ - DEBUG - Evaluating stop loss EntryPrice: 53.0 - ClosePrice: 53.41999816894531
2020-10-10 17:06:44,569 - __main__ - DEBUG - Evaluating data for Close: 53.65999984741211 - SuperTrend: 51.7371784329952
2020-10-10 17:06:44,569 - __main__ - DEBUG - Evaluating stop gain EntryPrice: 53.0 - ClosePrice: 53.65999984741211
2020-10-10 17:06:44,570 - __main__ - DEBUG - Evaluating stop loss EntryPrice: 53.0 - ClosePrice: 53.65999984741211
2020-10-10 17:06:44,570 - __main__ - DEBUG - Evaluating data for Close: 55.65999984741211 - SuperTrend: 52.486034870438814
2020-10-10 17:06:44,570 - __main__ - DEBUG - Evaluating stop gain EntryPrice: 53.0 - ClosePrice: 55.65999984741211
2020-10-10 17:06:44,570 - __main__ - WARNING - Stop gain activated
2020-10-10 17:06:44,646 - __main__ - DEBUG - Evaluating data for Close: 54.61000061035156 - SuperTrend: 53.391314020442145
2020-10-10 17:06:44,652 - __main__ - DEBUG - Evaluating data for Close: 54.779998779296875 - SuperTrend: 53.391314020442145
2020-10-10 17:06:44,656 - __main__ - DEBUG - Evaluating data for Close: 54.9900016784668 - SuperTrend: 53.391314020442145
2020-10-10 17:06:44,657 - __main__ - DEBUG - Evaluating data for Close: 54.20000076293945 - SuperTrend: 53.391314020442145
2020-10-10 17:06:44,658 - __main__ - DEBUG - Evaluating data for Close: 53.400001525878906 - SuperTrend: 53.391314020442145
2020-10-10 17:06:44,659 - __main__ - DEBUG - Evaluating data for Close: 53.880001068115234 - SuperTrend: 53.391314020442145
2020-10-10 17:06:44,659 - __main__ - DEBUG - Evaluating data for Close: 55.38999938964844 - SuperTrend: 53.391314020442145
2020-10-10 17:06:44,661 - __main__ - DEBUG - Evaluating data for Close: 56.20000076293945 - SuperTrend: 53.731634083345384
2020-10-10 17:06:44,664 - __main__ - DEBUG - Evaluating data for Close: 56.16999816894531 - SuperTrend: 54.03430208374635
2020-10-10 17:06:44,665 - __main__ - DEBUG - Evaluating data for Close: 55.16999816894531 - SuperTrend: 54.03430208374635
2020-10-10 17:06:44,666 - __main__ - DEBUG - Evaluating data for Close: 55.0 - SuperTrend: 54.03430208374635
2020-10-10 17:06:44,667 - __main__ - DEBUG - Evaluating data for Close: 55.59000015258789 - SuperTrend: 54.03430208374635
2020-10-10 17:06:44,667 - __main__ - DEBUG - Evaluating data for Close: 55.38999938964844 - SuperTrend: 54.03430208374635
2020-10-10 17:06:44,668 - __main__ - DEBUG - Evaluating data for Close: 56.0 - SuperTrend: 54.03430208374635
2020-10-10 17:06:44,668 - __main__ - DEBUG - Evaluating data for Close: 55.619998931884766 - SuperTrend: 54.104210017368835
2020-10-10 17:06:44,669 - __main__ - DEBUG - Evaluating data for Close: 55.630001068115234 - SuperTrend: 54.104210017368835
2020-10-10 17:06:44,669 - __main__ - DEBUG - Evaluating data for Close: 55.91999816894531 - SuperTrend: 54.104210017368835
2020-10-10 17:06:44,670 - __main__ - DEBUG - Evaluating data for Close: 54.540000915527344 - SuperTrend: 54.104210017368835
2020-10-10 17:06:44,670 - __main__ - DEBUG - Evaluating data for Close: 55.4900016784668 - SuperTrend: 54.104210017368835
2020-10-10 17:06:44,670 - __main__ - DEBUG - Evaluating data for Close: 55.2599983215332 - SuperTrend: 54.104210017368835
2020-10-10 17:06:44,671 - __main__ - DEBUG - Evaluating data for Close: 56.56999969482422 - SuperTrend: 54.261239932933435
2020-10-10 17:06:44,671 - __main__ - DEBUG - Evaluating data for Close: 56.369998931884766 - SuperTrend: 54.65671322387437
2020-10-10 17:06:44,682 - __main__ - DEBUG - Evaluating data for Close: 57.31999969482422 - SuperTrend: 54.87078099339347
2020-10-10 17:06:44,682 - __main__ - DEBUG - Evaluating data for Close: 56.41999816894531 - SuperTrend: 54.99106518736837
2020-10-10 17:06:44,683 - __main__ - DEBUG - Evaluating data for Close: 56.970001220703125 - SuperTrend: 54.99106518736837
2020-10-10 17:06:44,683 - __main__ - DEBUG - Evaluating data for Close: 57.650001525878906 - SuperTrend: 56.563127585202736
2020-10-10 17:06:44,683 - __main__ - DEBUG - Evaluating data for Close: 61.70000076293945 - SuperTrend: 58.014165067068014
2020-10-10 17:06:44,684 - __main__ - DEBUG - Evaluating data for Close: 61.790000915527344 - SuperTrend: 59.72678024900302
2020-10-10 17:06:44,684 - __main__ - DEBUG - Evaluating data for Close: 60.119998931884766 - SuperTrend: 59.72678024900302
2020-10-10 17:06:44,685 - __main__ - DEBUG - Evaluating data for Close: 61.040000915527344 - SuperTrend: 59.72678024900302
2020-10-10 17:06:44,685 - __main__ - DEBUG - Evaluating data for Close: 60.79999923706055 - SuperTrend: 59.72678024900302
2020-10-10 17:06:44,685 - __main__ - DEBUG - Evaluating data for Close: 59.70000076293945 - SuperTrend: 61.76930759832464
2020-10-10 17:06:44,686 - __main__ - WARNING - Sell Setup activated Close: 59.70000076293945 - SuperTrend: 61.76930759832464
2020-10-10 17:06:44,686 - __main__ - DEBUG - Evaluating data for Close: 59.2400016784668 - SuperTrend: 61.41042108014721
2020-10-10 17:06:44,686 - __main__ - DEBUG - Evaluating data for Close: 58.849998474121094 - SuperTrend: 61.27811266007014
2020-10-10 17:06:44,687 - __main__ - DEBUG - Evaluating data for Close: 58.599998474121094 - SuperTrend: 60.19614984076767
2020-10-10 17:06:44,687 - __main__ - DEBUG - Evaluating data for Close: 61.369998931884766 - SuperTrend: 58.420472512126786
2020-10-10 17:06:44,687 - __main__ - WARNING - Buy Setup activated Close: 61.369998931884766 - SuperTrend: 58.420472512126786
2020-10-10 17:06:44,742 - __main__ - DEBUG - Evaluating data for Close: 60.34000015258789 - SuperTrend: 58.80976310460886
2020-10-10 17:06:44,742 - __main__ - DEBUG - Evaluating stop gain EntryPrice: 61.369998931884766 - ClosePrice: 60.34000015258789
2020-10-10 17:06:44,742 - __main__ - DEBUG - Evaluating stop loss EntryPrice: 61.369998931884766 - ClosePrice: 60.34000015258789
2020-10-10 17:06:44,743 - __main__ - DEBUG - Evaluating data for Close: 62.95000076293945 - SuperTrend: 60.014967149767664
2020-10-10 17:06:44,743 - __main__ - DEBUG - Evaluating stop gain EntryPrice: 61.369998931884766 - ClosePrice: 62.95000076293945
2020-10-10 17:06:44,743 - __main__ - DEBUG - Evaluating stop loss EntryPrice: 61.369998931884766 - ClosePrice: 62.95000076293945
2020-10-10 17:06:44,743 - __main__ - DEBUG - Evaluating data for Close: 61.27000045776367 - SuperTrend: 60.014967149767664
2020-10-10 17:06:44,744 - __main__ - DEBUG - Evaluating stop gain EntryPrice: 61.369998931884766 - ClosePrice: 61.27000045776367
2020-10-10 17:06:44,744 - __main__ - DEBUG - Evaluating stop loss EntryPrice: 61.369998931884766 - ClosePrice: 61.27000045776367
2020-10-10 17:06:44,744 - __main__ - DEBUG - Evaluating data for Close: 60.709999084472656 - SuperTrend: 60.014967149767664
2020-10-10 17:06:44,744 - __main__ - DEBUG - Evaluating stop gain EntryPrice: 61.369998931884766 - ClosePrice: 60.709999084472656
2020-10-10 17:06:44,744 - __main__ - DEBUG - Evaluating stop loss EntryPrice: 61.369998931884766 - ClosePrice: 60.709999084472656
2020-10-10 17:06:44,744 - __main__ - DEBUG - Evaluating data for Close: 60.2599983215332 - SuperTrend: 60.014967149767664
2020-10-10 17:06:44,745 - __main__ - DEBUG - Evaluating stop gain EntryPrice: 61.369998931884766 - ClosePrice: 60.2599983215332
2020-10-10 17:06:44,745 - __main__ - DEBUG - Evaluating stop loss EntryPrice: 61.369998931884766 - ClosePrice: 60.2599983215332
2020-10-10 17:06:44,745 - __main__ - DEBUG - Evaluating data for Close: 60.70000076293945 - SuperTrend: 60.014967149767664
2020-10-10 17:06:44,748 - __main__ - DEBUG - Evaluating stop gain EntryPrice: 61.369998931884766 - ClosePrice: 60.70000076293945
2020-10-10 17:06:44,748 - __main__ - DEBUG - Evaluating stop loss EntryPrice: 61.369998931884766 - ClosePrice: 60.70000076293945
2020-10-10 17:06:44,748 - __main__ - DEBUG - Evaluating data for Close: 62.189998626708984 - SuperTrend: 60.477162995034476
2020-10-10 17:06:44,748 - __main__ - DEBUG - Evaluating stop gain EntryPrice: 61.369998931884766 - ClosePrice: 62.189998626708984
2020-10-10 17:06:44,748 - __main__ - DEBUG - Evaluating stop loss EntryPrice: 61.369998931884766 - ClosePrice: 62.189998626708984
2020-10-10 17:06:44,749 - __main__ - DEBUG - Evaluating data for Close: 61.83000183105469 - SuperTrend: 60.477162995034476
2020-10-10 17:06:44,749 - __main__ - DEBUG - Evaluating stop gain EntryPrice: 61.369998931884766 - ClosePrice: 61.83000183105469
2020-10-10 17:06:44,749 - __main__ - DEBUG - Evaluating stop loss EntryPrice: 61.369998931884766 - ClosePrice: 61.83000183105469
2020-10-10 17:06:44,749 - __main__ - DEBUG - Evaluating data for Close: 60.45000076293945 - SuperTrend: 62.48004184993754
2020-10-10 17:06:44,750 - __main__ - WARNING - Sell Setup activated Close: 60.45000076293945 - SuperTrend: 62.48004184993754
2020-10-10 17:06:44,750 - __main__ - WARNING - Selling positions
2020-10-10 17:06:44,805 - __main__ - DEBUG - Evaluating data for Close: 62.20000076293945 - SuperTrend: 62.48004184993754
2020-10-10 17:06:44,806 - __main__ - DEBUG - Evaluating data for Close: 60.279998779296875 - SuperTrend: 62.48004184993754
2020-10-10 17:06:44,806 - __main__ - DEBUG - Evaluating data for Close: 61.5 - SuperTrend: 62.48004184993754
2020-10-10 17:06:44,806 - __main__ - DEBUG - Evaluating data for Close: 60.349998474121094 - SuperTrend: 62.48004184993754
2020-10-10 17:06:44,807 - __main__ - DEBUG - Evaluating data for Close: 61.349998474121094 - SuperTrend: 62.48004184993754
2020-10-10 17:06:44,807 - __main__ - DEBUG - Evaluating data for Close: 62.22999954223633 - SuperTrend: 62.48004184993754
2020-10-10 17:06:44,808 - __main__ - DEBUG - Evaluating data for Close: 63.060001373291016 - SuperTrend: 61.39486972795499
2020-10-10 17:06:44,808 - __main__ - WARNING - Buy Setup activated Close: 63.060001373291016 - SuperTrend: 61.39486972795499
2020-10-10 17:06:44,876 - __main__ - DEBUG - Evaluating data for Close: 62.38999938964844 - SuperTrend: 61.39486972795499
2020-10-10 17:06:44,876 - __main__ - DEBUG - Evaluating stop gain EntryPrice: 63.060001373291016 - ClosePrice: 62.38999938964844
2020-10-10 17:06:44,876 - __main__ - DEBUG - Evaluating stop loss EntryPrice: 63.060001373291016 - ClosePrice: 62.38999938964844
2020-10-10 17:06:44,876 - __main__ - DEBUG - Evaluating data for Close: 62.95000076293945 - SuperTrend: 61.39486972795499
2020-10-10 17:06:44,877 - __main__ - DEBUG - Evaluating stop gain EntryPrice: 63.060001373291016 - ClosePrice: 62.95000076293945
2020-10-10 17:06:44,877 - __main__ - DEBUG - Evaluating stop loss EntryPrice: 63.060001373291016 - ClosePrice: 62.95000076293945
2020-10-10 17:06:44,878 - __main__ - DEBUG - Evaluating data for Close: 62.20000076293945 - SuperTrend: 61.39486972795499
2020-10-10 17:06:44,878 - __main__ - DEBUG - Evaluating stop gain EntryPrice: 63.060001373291016 - ClosePrice: 62.20000076293945
2020-10-10 17:06:44,878 - __main__ - DEBUG - Evaluating stop loss EntryPrice: 63.060001373291016 - ClosePrice: 62.20000076293945
2020-10-10 17:06:44,879 - __main__ - DEBUG - Evaluating data for Close: 62.959999084472656 - SuperTrend: 61.39486972795499
2020-10-10 17:06:44,879 - __main__ - DEBUG - Evaluating stop gain EntryPrice: 63.060001373291016 - ClosePrice: 62.959999084472656
2020-10-10 17:06:44,879 - __main__ - DEBUG - Evaluating stop loss EntryPrice: 63.060001373291016 - ClosePrice: 62.959999084472656
2020-10-10 17:06:44,879 - __main__ - DEBUG - Evaluating data for Close: 61.619998931884766 - SuperTrend: 61.39486972795499
2020-10-10 17:06:44,880 - __main__ - DEBUG - Evaluating stop gain EntryPrice: 63.060001373291016 - ClosePrice: 61.619998931884766
2020-10-10 17:06:44,880 - __main__ - DEBUG - Evaluating stop loss EntryPrice: 63.060001373291016 - ClosePrice: 61.619998931884766
2020-10-10 17:06:44,880 - __main__ - WARNING - Stop loss activated
2020-10-10 17:06:44,935 - __main__ - DEBUG - Evaluating data for Close: 61.75 - SuperTrend: 61.39486972795499
2020-10-10 17:06:44,935 - __main__ - DEBUG - Evaluating data for Close: 60.790000915527344 - SuperTrend: 63.08724807523577
2020-10-10 17:06:44,936 - __main__ - WARNING - Sell Setup activated Close: 60.790000915527344 - SuperTrend: 63.08724807523577
2020-10-10 17:06:44,936 - __main__ - DEBUG - Evaluating data for Close: 61.099998474121094 - SuperTrend: 62.98200297640196
2020-10-10 17:06:44,936 - __main__ - DEBUG - Evaluating data for Close: 59.68000030517578 - SuperTrend: 62.225062959598525
2020-10-10 17:06:44,937 - __main__ - DEBUG - Evaluating data for Close: 61.7599983215332 - SuperTrend: 62.225062959598525
2020-10-10 17:06:44,937 - __main__ - DEBUG - Evaluating data for Close: 61.31999969482422 - SuperTrend: 62.225062959598525
2020-10-10 17:06:44,938 - __main__ - DEBUG - Evaluating data for Close: 59.31999969482422 - SuperTrend: 61.53313569608413
2020-10-10 17:06:44,938 - __main__ - DEBUG - Evaluating data for Close: 60.4900016784668 - SuperTrend: 61.43247446989438
2020-10-10 17:06:44,939 - __main__ - DEBUG - Evaluating data for Close: 59.27000045776367 - SuperTrend: 61.16242372774991
2020-10-10 17:06:44,939 - __main__ - DEBUG - Evaluating data for Close: 60.0 - SuperTrend: 61.16242372774991
2020-10-10 17:06:44,939 - __main__ - DEBUG - Evaluating data for Close: 58.529998779296875 - SuperTrend: 61.07343490456412
2020-10-10 17:06:44,940 - __main__ - DEBUG - Evaluating data for Close: 61.95000076293945 - SuperTrend: 59.21743370350031
2020-10-10 17:06:44,940 - __main__ - WARNING - Buy Setup activated Close: 61.95000076293945 - SuperTrend: 59.21743370350031
2020-10-10 17:06:44,997 - __main__ - DEBUG - Evaluating data for Close: 61.90999984741211 - SuperTrend: 60.51008515150062
2020-10-10 17:06:44,997 - __main__ - DEBUG - Evaluating stop gain EntryPrice: 61.95000076293945 - ClosePrice: 61.90999984741211
2020-10-10 17:06:44,997 - __main__ - DEBUG - Evaluating stop loss EntryPrice: 61.95000076293945 - ClosePrice: 61.90999984741211
2020-10-10 17:06:44,998 - __main__ - DEBUG - Evaluating data for Close: 62.599998474121094 - SuperTrend: 61.04738516508437
2020-10-10 17:06:44,998 - __main__ - DEBUG - Evaluating stop gain EntryPrice: 61.95000076293945 - ClosePrice: 62.599998474121094
2020-10-10 17:06:44,998 - __main__ - DEBUG - Evaluating stop loss EntryPrice: 61.95000076293945 - ClosePrice: 62.599998474121094
2020-10-10 17:06:44,998 - __main__ - DEBUG - Evaluating data for Close: 60.970001220703125 - SuperTrend: 63.42956473548294
2020-10-10 17:06:44,999 - __main__ - WARNING - Sell Setup activated Close: 60.970001220703125 - SuperTrend: 63.42956473548294
2020-10-10 17:06:44,999 - __main__ - WARNING - Selling positions
2020-10-10 17:06:45,058 - __main__ - DEBUG - Evaluating data for Close: 62.08000183105469 - SuperTrend: 63.12867203391293
2020-10-10 17:06:45,059 - __main__ - DEBUG - Evaluating data for Close: 61.65999984741211 - SuperTrend: 63.12867203391293
2020-10-10 17:06:45,059 - __main__ - DEBUG - Evaluating data for Close: 60.0 - SuperTrend: 62.27749421322789
2020-10-10 17:06:45,059 - __main__ - DEBUG - Evaluating data for Close: 57.810001373291016 - SuperTrend: 59.59724542301851
2020-10-10 17:06:45,060 - __main__ - DEBUG - Evaluating data for Close: 59.099998474121094 - SuperTrend: 59.59724542301851
2020-10-10 17:06:45,061 - __main__ - DEBUG - Evaluating data for Close: 58.65999984741211 - SuperTrend: 59.59724542301851
2020-10-10 17:06:45,062 - __main__ - DEBUG - Evaluating data for Close: 59.25 - SuperTrend: 59.59724542301851
2020-10-10 17:06:45,063 - __main__ - DEBUG - Evaluating data for Close: 58.779998779296875 - SuperTrend: 59.59724542301851
2020-10-10 17:06:45,063 - __main__ - DEBUG - Evaluating data for Close: 58.349998474121094 - SuperTrend: 59.59724542301851
2020-10-10 17:06:45,064 - __main__ - DEBUG - Evaluating data for Close: 59.11000061035156 - SuperTrend: 59.59724542301851
2020-10-10 17:06:45,064 - __main__ - DEBUG - Evaluating data for Close: 58.86000061035156 - SuperTrend: 59.59724542301851
2020-10-10 17:06:45,065 - __main__ - DEBUG - Evaluating data for Close: 58.31999969482422 - SuperTrend: 59.59724542301851
2020-10-10 17:06:45,065 - __main__ - DEBUG - Evaluating data for Close: 59.59000015258789 - SuperTrend: 59.59724542301851
2020-10-10 17:06:45,066 - __main__ - DEBUG - Evaluating data for Close: 58.619998931884766 - SuperTrend: 59.59724542301851
2020-10-10 17:06:45,066 - __main__ - DEBUG - Evaluating data for Close: 60.16999816894531 - SuperTrend: 58.00620621556794
2020-10-10 17:06:45,067 - __main__ - WARNING - Buy Setup activated Close: 60.16999816894531 - SuperTrend: 58.00620621556794
2020-10-10 17:06:45,122 - __main__ - DEBUG - Evaluating data for Close: 61.290000915527344 - SuperTrend: 58.9296848820891
2020-10-10 17:06:45,123 - __main__ - DEBUG - Evaluating stop gain EntryPrice: 60.16999816894531 - ClosePrice: 61.290000915527344
2020-10-10 17:06:45,123 - __main__ - DEBUG - Evaluating stop loss EntryPrice: 60.16999816894531 - ClosePrice: 61.290000915527344
2020-10-10 17:06:45,123 - __main__ - DEBUG - Evaluating data for Close: 61.5099983215332 - SuperTrend: 59.564788236449274
2020-10-10 17:06:45,124 - __main__ - DEBUG - Evaluating stop gain EntryPrice: 60.16999816894531 - ClosePrice: 61.5099983215332
2020-10-10 17:06:45,124 - __main__ - DEBUG - Evaluating stop loss EntryPrice: 60.16999816894531 - ClosePrice: 61.5099983215332
2020-10-11 11:04:06,418 - __main__ - INFO - Trading System started
2020-10-11 11:04:09,873 - __main__ - INFO - Gain gain gain
2020-10-11 11:06:05,555 - __main__ - INFO - Gain gain gain
